<?xml version="1.0" encoding="UTF-8"?>
<!-- Generated by org.testng.reporters.JUnitReportReporter -->
<testsuite hostname="Ashu" failures="0" tests="1" name="E_Commerce.myntra" time="37.627" errors="0" timestamp="2023-08-26T14:36:32 IST" skipped="0">
  <testcase classname="E_Commerce.myntra" name="myntratest" time="37.627"/>
  <system-out>
Opening Myntra in Browser   </system-out>
</testsuite> <!-- E_Commerce.myntra -->
