<?xml version="1.0" encoding="UTF-8"?>
<!-- Generated by org.testng.reporters.JUnitReportReporter -->
<testsuite hostname="Ashu" failures="0" tests="1" name="E_Commerce.Ajio" time="102.703" errors="0" timestamp="2023-08-24T19:36:12 IST" skipped="0">
  <testcase classname="E_Commerce.Ajio" name="Ajio" time="102.703"/>
  <system-out>
Opening Ajio in Browser   </system-out>
</testsuite> <!-- E_Commerce.Ajio -->
