<?xml version="1.0" encoding="UTF-8"?>
<!-- Generated by org.testng.reporters.JUnitReportReporter -->
<testsuite hostname="Ashu" failures="0" tests="1" name="E_Commerce.Amazon" time="44.109" errors="0" timestamp="2023-08-24T19:36:12 IST" skipped="0">
  <testcase classname="E_Commerce.Amazon" name="AmazonTest" time="44.109"/>
  <system-out>
Opening Amazon in Browser   </system-out>
</testsuite> <!-- E_Commerce.Amazon -->
