<?xml version="1.0" encoding="UTF-8"?>
<!-- Generated by org.testng.reporters.JUnitReportReporter -->
<testsuite hostname="Ashu" failures="0" tests="1" name="E_Commerce.Flipkart" time="24.568" errors="0" timestamp="2023-08-24T19:36:12 IST" skipped="0">
  <testcase classname="E_Commerce.Flipkart" name="FlipkartTest" time="24.568"/>
  <system-out>
Opening Flipkart in Browser   </system-out>
</testsuite> <!-- E_Commerce.Flipkart -->
